0 info it worked if it ends with ok
1 verbose cli [ 'C:\\Program Files\\nodejs\\node.exe',
1 verbose cli   'C:\\Program Files\\nodejs\\node_modules\\npm\\bin\\npm-cli.js',
1 verbose cli   'start' ]
2 info using npm@3.8.6
3 info using node@v5.12.0
4 verbose run-script [ 'prestart', 'start', 'poststart' ]
5 info lifecycle clicklife@1.0.0~prestart: clicklife@1.0.0
6 silly lifecycle clicklife@1.0.0~prestart: no script for prestart, continuing
7 info lifecycle clicklife@1.0.0~start: clicklife@1.0.0
8 verbose lifecycle clicklife@1.0.0~start: unsafe-perm in lifecycle true
9 verbose lifecycle clicklife@1.0.0~start: PATH: C:\Users\denis\AppData\Roaming\nvm\v5.12.0\node_modules\npm\bin\node-gyp-bin;C:\Users\denis\Documents\projects\ClickLife\node_modules\.bin;C:\Program Files\nodejs;C:\Users\denis\Documents\projects\ClickLife\node_modules\.bin;C:\Program Files (x86)\Common Files\Oracle\Java\javapath;C:\Windows\system32;C:\Windows;C:\Windows\System32\Wbem;C:\Windows\System32\WindowsPowerShell\v1.0\;C:\Windows\System32\OpenSSH\;C:\Program Files\Git\cmd;C:\Program Files (x86)\NVIDIA Corporation\PhysX\Common;%NVM_HOME%;%NVM_SYMLINK%;C:\Users\denis\AppData\Local\Microsoft\WindowsApps;C:\Users\denis\AppData\Roaming\npm;C:\Program Files\JetBrains\WebStorm 2019.2.2\bin;;C:\Program Files\maven\bin;C:\Program Files\Java\jdk1.8.0_241\bin;C:\Program Files\JetBrains\IntelliJ IDEA 2019.3.3\bin;;C:\Users\denis\AppData\Roaming\nvm;C:\Program Files\nodejs
10 verbose lifecycle clicklife@1.0.0~start: CWD: C:\Users\denis\Documents\projects\ClickLife
11 silly lifecycle clicklife@1.0.0~start: Args: [ '/d /s /c',
11 silly lifecycle   'webpack-dev-server --open --env development --mode development' ]
12 silly lifecycle clicklife@1.0.0~start: Returned: code: 1  signal: null
13 info lifecycle clicklife@1.0.0~start: Failed to exec start script
14 verbose stack Error: clicklife@1.0.0 start: `webpack-dev-server --open --env development --mode development`
14 verbose stack Exit status 1
14 verbose stack     at EventEmitter.<anonymous> (C:\Users\denis\AppData\Roaming\nvm\v5.12.0\node_modules\npm\lib\utils\lifecycle.js:239:16)
14 verbose stack     at emitTwo (events.js:100:13)
14 verbose stack     at EventEmitter.emit (events.js:185:7)
14 verbose stack     at ChildProcess.<anonymous> (C:\Users\denis\AppData\Roaming\nvm\v5.12.0\node_modules\npm\lib\utils\spawn.js:24:14)
14 verbose stack     at emitTwo (events.js:100:13)
14 verbose stack     at ChildProcess.emit (events.js:185:7)
14 verbose stack     at maybeClose (internal/child_process.js:850:16)
14 verbose stack     at Process.ChildProcess._handle.onexit (internal/child_process.js:215:5)
15 verbose pkgid clicklife@1.0.0
16 verbose cwd C:\Users\denis\Documents\projects\ClickLife
17 error Windows_NT 10.0.18362
18 error argv "C:\\Program Files\\nodejs\\node.exe" "C:\\Program Files\\nodejs\\node_modules\\npm\\bin\\npm-cli.js" "start"
19 error node v5.12.0
20 error npm  v3.8.6
21 error code ELIFECYCLE
22 error clicklife@1.0.0 start: `webpack-dev-server --open --env development --mode development`
22 error Exit status 1
23 error Failed at the clicklife@1.0.0 start script 'webpack-dev-server --open --env development --mode development'.
23 error Make sure you have the latest version of node.js and npm installed.
23 error If you do, this is most likely a problem with the clicklife package,
23 error not with npm itself.
23 error Tell the author that this fails on your system:
23 error     webpack-dev-server --open --env development --mode development
23 error You can get information on how to open an issue for this project with:
23 error     npm bugs clicklife
23 error Or if that isn't available, you can get their info via:
23 error     npm owner ls clicklife
23 error There is likely additional logging output above.
24 verbose exit [ 1, true ]
